<?xml version="1.0" encoding="utf-8"?>
<TestRun id="279ced7f-b06e-4d09-b576-ff19df1ebceb" name="Niels@NL-01A8422423FB 2026-06-05 14:52:41" runUser="MACAW\Niels" xmlns="http://microsoft.com/schemas/VisualStudio/TeamTest/2010">
  <Times creation="2026-06-05T14:52:41.9562375+02:00" queuing="2026-06-05T14:52:41.9562386+02:00" start="2026-06-05T14:52:38.3530074+02:00" finish="2026-06-05T14:52:41.9582747+02:00" />
  <TestSettings name="default" id="1928f628-b680-42b3-9513-a399b9711b59">
    <Deployment runDeploymentRoot="Niels_NL-01A8422423FB_2026-06-05_14_52_41" />
  </TestSettings>
  <TestLists>
    <TestList name="Results Not in a List" id="8c84fa94-04c1-424b-9868-57a2d4851a1d" />
    <TestList name="All Loaded Results" id="19431567-8539-422a-85d7-44ee4e166bda" />
  </TestLists>
  <ResultSummary outcome="Completed">
    <Counters total="0" executed="0" passed="0" failed="0" error="0" timeout="0" aborted="0" inconclusive="0" passedButRunAborted="0" notRunnable="0" notExecuted="0" disconnected="0" warning="0" completed="0" inProgress="0" pending="0" />
    <Output>
      <StdOut>[xUnit.net 00:00:00.01] xUnit.net VSTest Adapter v2.8.2+699d445a1a (64-bit .NET 10.0.8)&#xD;
[xUnit.net 00:00:00.43]   Discovering: MauiApp.Tests&#xD;
[xUnit.net 00:00:00.63]   Discovered:  MauiApp.Tests&#xD;
[xUnit.net 00:00:00.66]   Starting:    MauiApp.Tests&#xD;
[xUnit.net 00:00:00.73]   Finished:    MauiApp.Tests&#xD;
</StdOut>
    </Output>
    <RunInfos>
      <RunInfo computerName="NL-01A8422423FB" outcome="Warning" timestamp="2026-06-05T14:52:41.5788323+02:00">
        <Text>No test matches the given testcase filter `Category=Integration` in C:\repos-github\NDI-for-Android\tests\MauiApp.Tests\bin\Debug\net10.0\MauiApp.Tests.dll</Text>
      </RunInfo>
    </RunInfos>
  </ResultSummary>
</TestRun>