<?xml version="1.0" encoding="utf-8"?>
<TestRun id="a262b69a-8186-4861-9466-77088b0e2455" name="Niels@NL-01A8422423FB 2026-06-05 14:52:19" runUser="MACAW\Niels" xmlns="http://microsoft.com/schemas/VisualStudio/TeamTest/2010">
  <Times creation="2026-06-05T14:52:19.4991098+02:00" queuing="2026-06-05T14:52:19.4991107+02:00" start="2026-06-05T14:52:14.6165472+02:00" finish="2026-06-05T14:52:20.3979264+02:00" />
  <TestSettings name="default" id="811ed373-7d7e-4ef0-a335-0a223ad34784">
    <Deployment runDeploymentRoot="Niels_NL-01A8422423FB_2026-06-05_14_52_19" />
  </TestSettings>
  <Results>
    <UnitTestResult executionId="70ef4dd8-6a09-424a-af47-4670bae40686" testId="166a7b3d-d4de-78b3-0709-5e2f5b0cd4c8" testName="MauiApp.Tests.Features.Sources.SourceListViewModelTests.RefreshCommand_OnFailure_SetsErrorMessage" computerName="NL-01A8422423FB" duration="00:00:02.7119773" startTime="2026-06-05T14:52:20.0748954+02:00" endTime="2026-06-05T14:52:20.0748961+02:00" testType="13cdc9d9-ddb5-4fa4-a97d-d965ccfc6d4b" outcome="Passed" testListId="8c84fa94-04c1-424b-9868-57a2d4851a1d" relativeResultsDirectory="70ef4dd8-6a09-424a-af47-4670bae40686" />
    <UnitTestResult executionId="21dc6572-9fba-494d-8922-80dcaefdc916" testId="ea2867f1-b2b7-428f-f5d8-c038b4cf650d" testName="MauiApp.Tests.Features.Navigation.AdaptiveShellStateViewModelTests.SelectDestination_UpdatesSelectedDestination_AndRaisesRailItemSelected" computerName="NL-01A8422423FB" duration="00:00:01.8645472" startTime="2026-06-05T14:52:19.2536377+02:00" endTime="2026-06-05T14:52:19.2536382+02:00" testType="13cdc9d9-ddb5-4fa4-a97d-d965ccfc6d4b" outcome="Passed" testListId="8c84fa94-04c1-424b-9868-57a2d4851a1d" relativeResultsDirectory="21dc6572-9fba-494d-8922-80dcaefdc916" />
    <UnitTestResult executionId="7254130b-24c7-40cd-8d9f-576b6578438e" testId="20f0f8fc-1d45-0873-94fb-335241b203be" testName="MauiApp.Tests.Features.Output.OutputViewModelTests.StartOutputCommand_WhenSourceNotReachable_SetsStatusMessage" computerName="NL-01A8422423FB" duration="00:00:02.7321444" startTime="2026-06-05T14:52:20.0949251+02:00" endTime="2026-06-05T14:52:20.0949255+02:00" testType="13cdc9d9-ddb5-4fa4-a97d-d965ccfc6d4b" outcome="Passed" testListId="8c84fa94-04c1-424b-9868-57a2d4851a1d" relativeResultsDirectory="7254130b-24c7-40cd-8d9f-576b6578438e" />
    <UnitTestResult executionId="6c02a3ed-ebd3-4ed2-a985-ebaaed8a69e7" testId="72c75b0d-bd7c-9fc4-bec3-e517cdcf9f44" testName="MauiApp.Tests.Features.Output.OutputViewModelTests.StartOutputCommand_WithReachableSource_StartsOutputAndForegroundSession" computerName="NL-01A8422423FB" duration="00:00:00.0247323" startTime="2026-06-05T14:52:20.1198645+02:00" endTime="2026-06-05T14:52:20.1198650+02:00" testType="13cdc9d9-ddb5-4fa4-a97d-d965ccfc6d4b" outcome="Passed" testListId="8c84fa94-04c1-424b-9868-57a2d4851a1d" relativeResultsDirectory="6c02a3ed-ebd3-4ed2-a985-ebaaed8a69e7" />
    <UnitTestResult executionId="088558ab-4dde-4cff-bf03-39737c37639e" testId="277ca889-c336-f9fd-17ae-a55ad4573b81" testName="MauiApp.Tests.Features.Navigation.NavigationPolicyServiceTests.ResolvePlacement_ReturnsLeftRail_ForLandscape" computerName="NL-01A8422423FB" duration="00:00:00.0025620" startTime="2026-06-05T14:52:19.2683480+02:00" endTime="2026-06-05T14:52:19.2683482+02:00" testType="13cdc9d9-ddb5-4fa4-a97d-d965ccfc6d4b" outcome="Passed" testListId="8c84fa94-04c1-424b-9868-57a2d4851a1d" relativeResultsDirectory="088558ab-4dde-4cff-bf03-39737c37639e" />
    <UnitTestResult executionId="4ee58358-a353-4309-aec7-4d1feeaa2eb1" testId="85fddc3e-8d04-0314-b93d-49cb1b9b3d4c" testName="MauiApp.Tests.Features.Navigation.NavigationPolicyServiceTests.UpdateOrientation_DoesNotRaisePlacementChanged_WhenPlacementStaysSame" computerName="NL-01A8422423FB" duration="00:00:01.8542552" startTime="2026-06-05T14:52:19.2426876+02:00" endTime="2026-06-05T14:52:19.2428242+02:00" testType="13cdc9d9-ddb5-4fa4-a97d-d965ccfc6d4b" outcome="Passed" testListId="8c84fa94-04c1-424b-9868-57a2d4851a1d" relativeResultsDirectory="4ee58358-a353-4309-aec7-4d1feeaa2eb1" />
    <UnitTestResult executionId="6515ef9b-dc66-45ee-8fa3-bd3fa2f8c374" testId="33fd4668-2973-c24c-d514-1760f7adea92" testName="MauiApp.Tests.Features.Navigation.AdaptiveShellStateViewModelTests.Constructor_UsesPolicyCurrentPlacement_AndExposesFourRouteMappings" computerName="NL-01A8422423FB" duration="00:00:00.0248810" startTime="2026-06-05T14:52:19.2705037+02:00" endTime="2026-06-05T14:52:19.2705047+02:00" testType="13cdc9d9-ddb5-4fa4-a97d-d965ccfc6d4b" outcome="Passed" testListId="8c84fa94-04c1-424b-9868-57a2d4851a1d" relativeResultsDirectory="6515ef9b-dc66-45ee-8fa3-bd3fa2f8c374" />
    <UnitTestResult executionId="5ff7a0c3-af8c-48ca-bf1e-e40b0d567b36" testId="923a1400-93b8-5ee6-96a9-20464c726556" testName="MauiApp.Tests.Features.Navigation.PrimaryNavigationMetadataTests.Items_HaveUniqueDestinations_AndUniqueRoutes" computerName="NL-01A8422423FB" duration="00:00:00.0240054" startTime="2026-06-05T14:52:19.7868342+02:00" endTime="2026-06-05T14:52:19.7868355+02:00" testType="13cdc9d9-ddb5-4fa4-a97d-d965ccfc6d4b" outcome="Passed" testListId="8c84fa94-04c1-424b-9868-57a2d4851a1d" relativeResultsDirectory="5ff7a0c3-af8c-48ca-bf1e-e40b0d567b36" />
    <UnitTestResult executionId="d3d3b04c-8c05-4a07-b25d-aba301df1e79" testId="0c8b9179-b8ce-7e7e-4255-53c09d4c7b06" testName="MauiApp.Tests.Features.Settings.SettingsViewModelTests.SaveCommand_PortOutOfRange_SetsValidationError" computerName="NL-01A8422423FB" duration="00:00:00.0029117" startTime="2026-06-05T14:52:20.1028794+02:00" endTime="2026-06-05T14:52:20.1028806+02:00" testType="13cdc9d9-ddb5-4fa4-a97d-d965ccfc6d4b" outcome="Passed" testListId="8c84fa94-04c1-424b-9868-57a2d4851a1d" relativeResultsDirectory="d3d3b04c-8c05-4a07-b25d-aba301df1e79" />
    <UnitTestResult executionId="039424c7-ed5d-4514-9244-718bd6191e53" testId="52d16959-e02a-720b-6398-0323b7d0bc50" testName="MauiApp.Tests.Features.Output.OutputViewModelTests.StopOutputCommand_WhenActive_StopsOutputAndForegroundSession" computerName="NL-01A8422423FB" duration="00:00:00.0177151" startTime="2026-06-05T14:52:20.1377602+02:00" endTime="2026-06-05T14:52:20.1377608+02:00" testType="13cdc9d9-ddb5-4fa4-a97d-d965ccfc6d4b" outcome="Passed" testListId="8c84fa94-04c1-424b-9868-57a2d4851a1d" relativeResultsDirectory="039424c7-ed5d-4514-9244-718bd6191e53" />
    <UnitTestResult executionId="c4d165e4-844d-48b5-88fe-85abb97951a4" testId="e4480d9a-5752-6847-3e28-feb87122a65e" testName="MauiApp.Tests.Features.Sources.SourceListViewModelTests.RefreshCommand_OnSuccess_PopulatesSources" computerName="NL-01A8422423FB" duration="00:00:00.0051666" startTime="2026-06-05T14:52:20.1390226+02:00" endTime="2026-06-05T14:52:20.1390232+02:00" testType="13cdc9d9-ddb5-4fa4-a97d-d965ccfc6d4b" outcome="Passed" testListId="8c84fa94-04c1-424b-9868-57a2d4851a1d" relativeResultsDirectory="c4d165e4-844d-48b5-88fe-85abb97951a4" />
    <UnitTestResult executionId="25d50703-9a65-43c1-bee7-9cf9affa97ce" testId="0c92c33a-39ad-26e3-0fc3-a50b335e794b" testName="MauiApp.Tests.Features.Viewer.ViewerViewModelTests.StartCommand_WithNullSourceId_DoesNotStartReceiver" computerName="NL-01A8422423FB" duration="00:00:02.6975520" startTime="2026-06-05T14:52:20.0605535+02:00" endTime="2026-06-05T14:52:20.0605543+02:00" testType="13cdc9d9-ddb5-4fa4-a97d-d965ccfc6d4b" outcome="Passed" testListId="8c84fa94-04c1-424b-9868-57a2d4851a1d" relativeResultsDirectory="25d50703-9a65-43c1-bee7-9cf9affa97ce" />
    <UnitTestResult executionId="979a3b05-a728-40d6-8892-db560d4bb43a" testId="16eead68-d53c-8948-3080-6eface2c5fef" testName="MauiApp.Tests.Features.Navigation.NavigationPolicyServiceTests.ResolvePlacement_ReturnsBottom_ForPortrait" computerName="NL-01A8422423FB" duration="00:00:00.0041017" startTime="2026-06-05T14:52:19.2673833+02:00" endTime="2026-06-05T14:52:19.2673840+02:00" testType="13cdc9d9-ddb5-4fa4-a97d-d965ccfc6d4b" outcome="Passed" testListId="8c84fa94-04c1-424b-9868-57a2d4851a1d" relativeResultsDirectory="979a3b05-a728-40d6-8892-db560d4bb43a" />
    <UnitTestResult executionId="048db1d2-3d73-4b39-9f48-fb75699f6e6e" testId="497d4880-36cc-4ffd-356b-74be2dd2bbbf" testName="MauiApp.Tests.Features.Viewer.ViewerViewModelTests.StopCommand_WhenPlaying_StopsReceiverAndClearsState" computerName="NL-01A8422423FB" duration="00:00:00.0363022" startTime="2026-06-05T14:52:20.1022983+02:00" endTime="2026-06-05T14:52:20.1022986+02:00" testType="13cdc9d9-ddb5-4fa4-a97d-d965ccfc6d4b" outcome="Passed" testListId="8c84fa94-04c1-424b-9868-57a2d4851a1d" relativeResultsDirectory="048db1d2-3d73-4b39-9f48-fb75699f6e6e" />
    <UnitTestResult executionId="18904214-fed5-4738-a125-d7e8615cf98e" testId="bb46fba8-2c29-faa0-0e96-28f141a82ace" testName="MauiApp.Tests.Features.Sources.SourceListViewModelTests.NavigateToViewerCommand_CallsNavigationService_WithCorrectRoute" computerName="NL-01A8422423FB" duration="00:00:00.0144433" startTime="2026-06-05T14:52:20.1332913+02:00" endTime="2026-06-05T14:52:20.1332962+02:00" testType="13cdc9d9-ddb5-4fa4-a97d-d965ccfc6d4b" outcome="Passed" testListId="8c84fa94-04c1-424b-9868-57a2d4851a1d" relativeResultsDirectory="18904214-fed5-4738-a125-d7e8615cf98e" />
    <UnitTestResult executionId="3ebfec0d-f2b9-487e-9053-a0c865368242" testId="1e03eabb-65c1-0278-2168-52be15288586" testName="MauiApp.Tests.Features.Navigation.PrimaryNavigationMetadataTests.Items_ContainExactlyFourPrimaryDestinations_WithExpectedOrderAndIcons" computerName="NL-01A8422423FB" duration="00:00:02.3900595" startTime="2026-06-05T14:52:19.7625186+02:00" endTime="2026-06-05T14:52:19.7625254+02:00" testType="13cdc9d9-ddb5-4fa4-a97d-d965ccfc6d4b" outcome="Passed" testListId="8c84fa94-04c1-424b-9868-57a2d4851a1d" relativeResultsDirectory="3ebfec0d-f2b9-487e-9053-a0c865368242" />
    <UnitTestResult executionId="8491ace7-97c8-44db-b486-24b3a288a925" testId="f5a0a36d-6df1-646e-09fd-563bd52a966c" testName="MauiApp.Tests.Features.Sources.SourceListViewModelTests.NavigateToViewerCommand_WithNullOrEmptySourceId_StillCallsNavigation" computerName="NL-01A8422423FB" duration="00:00:00.0049308" startTime="2026-06-05T14:52:20.1441979+02:00" endTime="2026-06-05T14:52:20.1441989+02:00" testType="13cdc9d9-ddb5-4fa4-a97d-d965ccfc6d4b" outcome="Passed" testListId="8c84fa94-04c1-424b-9868-57a2d4851a1d" relativeResultsDirectory="8491ace7-97c8-44db-b486-24b3a288a925" />
    <UnitTestResult executionId="d046049b-e3ab-458c-afd3-165b8defca1d" testId="08eda770-1210-b5e7-101b-1ca88361d869" testName="MauiApp.Tests.Features.Settings.SettingsViewModelTests.SaveCommand_InvalidPort_SetsValidationError" computerName="NL-01A8422423FB" duration="00:00:00.0030182" startTime="2026-06-05T14:52:20.1172748+02:00" endTime="2026-06-05T14:52:20.1172758+02:00" testType="13cdc9d9-ddb5-4fa4-a97d-d965ccfc6d4b" outcome="Passed" testListId="8c84fa94-04c1-424b-9868-57a2d4851a1d" relativeResultsDirectory="d046049b-e3ab-458c-afd3-165b8defca1d" />
    <UnitTestResult executionId="9dc20129-0a72-4221-9d16-5640d20cb7f4" testId="a9d5354d-8cc2-469c-da25-6fdaf4c97dcc" testName="MauiApp.Tests.Features.Navigation.AdaptiveShellStateViewModelTests.PlacementChanged_FromPolicy_UpdatesViewModelPlacementAndVisibilityFlags" computerName="NL-01A8422423FB" duration="00:00:00.0035302" startTime="2026-06-05T14:52:19.2666308+02:00" endTime="2026-06-05T14:52:19.2666310+02:00" testType="13cdc9d9-ddb5-4fa4-a97d-d965ccfc6d4b" outcome="Passed" testListId="8c84fa94-04c1-424b-9868-57a2d4851a1d" relativeResultsDirectory="9dc20129-0a72-4221-9d16-5640d20cb7f4" />
    <UnitTestResult executionId="aa39fe6c-b86e-4d8c-9f17-abb7b7d9239c" testId="5f541020-21fe-7e8e-e3e5-521be0527049" testName="MauiApp.Tests.Features.Settings.SettingsViewModelTests.LoadCommand_PopulatesFieldsFromRepository" computerName="NL-01A8422423FB" duration="00:00:00.0160670" startTime="2026-06-05T14:52:20.1139231+02:00" endTime="2026-06-05T14:52:20.1139242+02:00" testType="13cdc9d9-ddb5-4fa4-a97d-d965ccfc6d4b" outcome="Passed" testListId="8c84fa94-04c1-424b-9868-57a2d4851a1d" relativeResultsDirectory="aa39fe6c-b86e-4d8c-9f17-abb7b7d9239c" />
    <UnitTestResult executionId="e2149124-115d-4787-b54b-4ad64ccf084e" testId="1f3f56e9-8c97-219f-a448-a593e65b600d" testName="MauiApp.Tests.Features.Viewer.ViewerViewModelTests.StartCommand_WithSourceId_StartsReceiverAndSetsIsPlaying" computerName="NL-01A8422423FB" duration="00:00:00.0218831" startTime="2026-06-05T14:52:20.1194180+02:00" endTime="2026-06-05T14:52:20.1194185+02:00" testType="13cdc9d9-ddb5-4fa4-a97d-d965ccfc6d4b" outcome="Passed" testListId="8c84fa94-04c1-424b-9868-57a2d4851a1d" relativeResultsDirectory="e2149124-115d-4787-b54b-4ad64ccf084e" />
    <UnitTestResult executionId="922be0f9-ec24-4fca-99b0-61daf5818bbb" testId="38772a13-bc36-9800-0b78-7dd2b806f970" testName="MauiApp.Tests.Features.Settings.SettingsViewModelTests.SaveCommand_ValidInput_CallsRepository" computerName="NL-01A8422423FB" duration="00:00:02.7317120" startTime="2026-06-05T14:52:20.0944857+02:00" endTime="2026-06-05T14:52:20.0944867+02:00" testType="13cdc9d9-ddb5-4fa4-a97d-d965ccfc6d4b" outcome="Passed" testListId="8c84fa94-04c1-424b-9868-57a2d4851a1d" relativeResultsDirectory="922be0f9-ec24-4fca-99b0-61daf5818bbb" />
    <UnitTestResult executionId="99e28747-de8e-494c-9d58-084dd24e842d" testId="0c106b1a-fa6a-1f9f-d592-f978452b85e7" testName="MauiApp.Tests.Features.Sources.SourceListViewModelTests.NavigateToOutputCommand_CallsNavigationService_WithCorrectRoute" computerName="NL-01A8422423FB" duration="00:00:00.0433404" startTime="2026-06-05T14:52:20.1185343+02:00" endTime="2026-06-05T14:52:20.1185349+02:00" testType="13cdc9d9-ddb5-4fa4-a97d-d965ccfc6d4b" outcome="Passed" testListId="8c84fa94-04c1-424b-9868-57a2d4851a1d" relativeResultsDirectory="99e28747-de8e-494c-9d58-084dd24e842d" />
    <UnitTestResult executionId="3d8d5e31-ed10-4995-a170-7fcd35aa7c30" testId="69c55b66-35a1-5264-1563-d7985802453b" testName="MauiApp.Tests.Features.Navigation.NavigationPolicyServiceTests.UpdateOrientation_RaisesPlacementChanged_WhenPlacementActuallyChanges" computerName="NL-01A8422423FB" duration="00:00:00.0603733" startTime="2026-06-05T14:52:19.3137279+02:00" endTime="2026-06-05T14:52:19.3137291+02:00" testType="13cdc9d9-ddb5-4fa4-a97d-d965ccfc6d4b" outcome="Passed" testListId="8c84fa94-04c1-424b-9868-57a2d4851a1d" relativeResultsDirectory="3d8d5e31-ed10-4995-a170-7fcd35aa7c30" />
  </Results>
  <TestDefinitions>
    <UnitTest name="MauiApp.Tests.Features.Navigation.NavigationPolicyServiceTests.ResolvePlacement_ReturnsBottom_ForPortrait" storage="c:\repos-github\ndi-for-android\tests\mauiapp.tests\bin\debug\net10.0\mauiapp.tests.dll" id="16eead68-d53c-8948-3080-6eface2c5fef">
      <Execution id="979a3b05-a728-40d6-8892-db560d4bb43a" />
      <TestMethod codeBase="C:\repos-github\NDI-for-Android\tests\MauiApp.Tests\bin\Debug\net10.0\MauiApp.Tests.dll" adapterTypeName="executor://xunit/VsTestRunner2/netcoreapp" className="MauiApp.Tests.Features.Navigation.NavigationPolicyServiceTests" name="ResolvePlacement_ReturnsBottom_ForPortrait" />
    </UnitTest>
    <UnitTest name="MauiApp.Tests.Features.Settings.SettingsViewModelTests.SaveCommand_ValidInput_CallsRepository" storage="c:\repos-github\ndi-for-android\tests\mauiapp.tests\bin\debug\net10.0\mauiapp.tests.dll" id="38772a13-bc36-9800-0b78-7dd2b806f970">
      <Execution id="922be0f9-ec24-4fca-99b0-61daf5818bbb" />
      <TestMethod codeBase="C:\repos-github\NDI-for-Android\tests\MauiApp.Tests\bin\Debug\net10.0\MauiApp.Tests.dll" adapterTypeName="executor://xunit/VsTestRunner2/netcoreapp" className="MauiApp.Tests.Features.Settings.SettingsViewModelTests" name="SaveCommand_ValidInput_CallsRepository" />
    </UnitTest>
    <UnitTest name="MauiApp.Tests.Features.Viewer.ViewerViewModelTests.StartCommand_WithNullSourceId_DoesNotStartReceiver" storage="c:\repos-github\ndi-for-android\tests\mauiapp.tests\bin\debug\net10.0\mauiapp.tests.dll" id="0c92c33a-39ad-26e3-0fc3-a50b335e794b">
      <Execution id="25d50703-9a65-43c1-bee7-9cf9affa97ce" />
      <TestMethod codeBase="C:\repos-github\NDI-for-Android\tests\MauiApp.Tests\bin\Debug\net10.0\MauiApp.Tests.dll" adapterTypeName="executor://xunit/VsTestRunner2/netcoreapp" className="MauiApp.Tests.Features.Viewer.ViewerViewModelTests" name="StartCommand_WithNullSourceId_DoesNotStartReceiver" />
    </UnitTest>
    <UnitTest name="MauiApp.Tests.Features.Navigation.AdaptiveShellStateViewModelTests.SelectDestination_UpdatesSelectedDestination_AndRaisesRailItemSelected" storage="c:\repos-github\ndi-for-android\tests\mauiapp.tests\bin\debug\net10.0\mauiapp.tests.dll" id="ea2867f1-b2b7-428f-f5d8-c038b4cf650d">
      <Execution id="21dc6572-9fba-494d-8922-80dcaefdc916" />
      <TestMethod codeBase="C:\repos-github\NDI-for-Android\tests\MauiApp.Tests\bin\Debug\net10.0\MauiApp.Tests.dll" adapterTypeName="executor://xunit/VsTestRunner2/netcoreapp" className="MauiApp.Tests.Features.Navigation.AdaptiveShellStateViewModelTests" name="SelectDestination_UpdatesSelectedDestination_AndRaisesRailItemSelected" />
    </UnitTest>
    <UnitTest name="MauiApp.Tests.Features.Settings.SettingsViewModelTests.SaveCommand_InvalidPort_SetsValidationError" storage="c:\repos-github\ndi-for-android\tests\mauiapp.tests\bin\debug\net10.0\mauiapp.tests.dll" id="08eda770-1210-b5e7-101b-1ca88361d869">
      <Execution id="d046049b-e3ab-458c-afd3-165b8defca1d" />
      <TestMethod codeBase="C:\repos-github\NDI-for-Android\tests\MauiApp.Tests\bin\Debug\net10.0\MauiApp.Tests.dll" adapterTypeName="executor://xunit/VsTestRunner2/netcoreapp" className="MauiApp.Tests.Features.Settings.SettingsViewModelTests" name="SaveCommand_InvalidPort_SetsValidationError" />
    </UnitTest>
    <UnitTest name="MauiApp.Tests.Features.Navigation.NavigationPolicyServiceTests.UpdateOrientation_RaisesPlacementChanged_WhenPlacementActuallyChanges" storage="c:\repos-github\ndi-for-android\tests\mauiapp.tests\bin\debug\net10.0\mauiapp.tests.dll" id="69c55b66-35a1-5264-1563-d7985802453b">
      <Execution id="3d8d5e31-ed10-4995-a170-7fcd35aa7c30" />
      <TestMethod codeBase="C:\repos-github\NDI-for-Android\tests\MauiApp.Tests\bin\Debug\net10.0\MauiApp.Tests.dll" adapterTypeName="executor://xunit/VsTestRunner2/netcoreapp" className="MauiApp.Tests.Features.Navigation.NavigationPolicyServiceTests" name="UpdateOrientation_RaisesPlacementChanged_WhenPlacementActuallyChanges" />
    </UnitTest>
    <UnitTest name="MauiApp.Tests.Features.Sources.SourceListViewModelTests.RefreshCommand_OnSuccess_PopulatesSources" storage="c:\repos-github\ndi-for-android\tests\mauiapp.tests\bin\debug\net10.0\mauiapp.tests.dll" id="e4480d9a-5752-6847-3e28-feb87122a65e">
      <Execution id="c4d165e4-844d-48b5-88fe-85abb97951a4" />
      <TestMethod codeBase="C:\repos-github\NDI-for-Android\tests\MauiApp.Tests\bin\Debug\net10.0\MauiApp.Tests.dll" adapterTypeName="executor://xunit/VsTestRunner2/netcoreapp" className="MauiApp.Tests.Features.Sources.SourceListViewModelTests" name="RefreshCommand_OnSuccess_PopulatesSources" />
    </UnitTest>
    <UnitTest name="MauiApp.Tests.Features.Output.OutputViewModelTests.StartOutputCommand_WithReachableSource_StartsOutputAndForegroundSession" storage="c:\repos-github\ndi-for-android\tests\mauiapp.tests\bin\debug\net10.0\mauiapp.tests.dll" id="72c75b0d-bd7c-9fc4-bec3-e517cdcf9f44">
      <Execution id="6c02a3ed-ebd3-4ed2-a985-ebaaed8a69e7" />
      <TestMethod codeBase="C:\repos-github\NDI-for-Android\tests\MauiApp.Tests\bin\Debug\net10.0\MauiApp.Tests.dll" adapterTypeName="executor://xunit/VsTestRunner2/netcoreapp" className="MauiApp.Tests.Features.Output.OutputViewModelTests" name="StartOutputCommand_WithReachableSource_StartsOutputAndForegroundSession" />
    </UnitTest>
    <UnitTest name="MauiApp.Tests.Features.Viewer.ViewerViewModelTests.StartCommand_WithSourceId_StartsReceiverAndSetsIsPlaying" storage="c:\repos-github\ndi-for-android\tests\mauiapp.tests\bin\debug\net10.0\mauiapp.tests.dll" id="1f3f56e9-8c97-219f-a448-a593e65b600d">
      <Execution id="e2149124-115d-4787-b54b-4ad64ccf084e" />
      <TestMethod codeBase="C:\repos-github\NDI-for-Android\tests\MauiApp.Tests\bin\Debug\net10.0\MauiApp.Tests.dll" adapterTypeName="executor://xunit/VsTestRunner2/netcoreapp" className="MauiApp.Tests.Features.Viewer.ViewerViewModelTests" name="StartCommand_WithSourceId_StartsReceiverAndSetsIsPlaying" />
    </UnitTest>
    <UnitTest name="MauiApp.Tests.Features.Output.OutputViewModelTests.StartOutputCommand_WhenSourceNotReachable_SetsStatusMessage" storage="c:\repos-github\ndi-for-android\tests\mauiapp.tests\bin\debug\net10.0\mauiapp.tests.dll" id="20f0f8fc-1d45-0873-94fb-335241b203be">
      <Execution id="7254130b-24c7-40cd-8d9f-576b6578438e" />
      <TestMethod codeBase="C:\repos-github\NDI-for-Android\tests\MauiApp.Tests\bin\Debug\net10.0\MauiApp.Tests.dll" adapterTypeName="executor://xunit/VsTestRunner2/netcoreapp" className="MauiApp.Tests.Features.Output.OutputViewModelTests" name="StartOutputCommand_WhenSourceNotReachable_SetsStatusMessage" />
    </UnitTest>
    <UnitTest name="MauiApp.Tests.Features.Navigation.NavigationPolicyServiceTests.UpdateOrientation_DoesNotRaisePlacementChanged_WhenPlacementStaysSame" storage="c:\repos-github\ndi-for-android\tests\mauiapp.tests\bin\debug\net10.0\mauiapp.tests.dll" id="85fddc3e-8d04-0314-b93d-49cb1b9b3d4c">
      <Execution id="4ee58358-a353-4309-aec7-4d1feeaa2eb1" />
      <TestMethod codeBase="C:\repos-github\NDI-for-Android\tests\MauiApp.Tests\bin\Debug\net10.0\MauiApp.Tests.dll" adapterTypeName="executor://xunit/VsTestRunner2/netcoreapp" className="MauiApp.Tests.Features.Navigation.NavigationPolicyServiceTests" name="UpdateOrientation_DoesNotRaisePlacementChanged_WhenPlacementStaysSame" />
    </UnitTest>
    <UnitTest name="MauiApp.Tests.Features.Sources.SourceListViewModelTests.RefreshCommand_OnFailure_SetsErrorMessage" storage="c:\repos-github\ndi-for-android\tests\mauiapp.tests\bin\debug\net10.0\mauiapp.tests.dll" id="166a7b3d-d4de-78b3-0709-5e2f5b0cd4c8">
      <Execution id="70ef4dd8-6a09-424a-af47-4670bae40686" />
      <TestMethod codeBase="C:\repos-github\NDI-for-Android\tests\MauiApp.Tests\bin\Debug\net10.0\MauiApp.Tests.dll" adapterTypeName="executor://xunit/VsTestRunner2/netcoreapp" className="MauiApp.Tests.Features.Sources.SourceListViewModelTests" name="RefreshCommand_OnFailure_SetsErrorMessage" />
    </UnitTest>
    <UnitTest name="MauiApp.Tests.Features.Sources.SourceListViewModelTests.NavigateToOutputCommand_CallsNavigationService_WithCorrectRoute" storage="c:\repos-github\ndi-for-android\tests\mauiapp.tests\bin\debug\net10.0\mauiapp.tests.dll" id="0c106b1a-fa6a-1f9f-d592-f978452b85e7">
      <Execution id="99e28747-de8e-494c-9d58-084dd24e842d" />
      <TestMethod codeBase="C:\repos-github\NDI-for-Android\tests\MauiApp.Tests\bin\Debug\net10.0\MauiApp.Tests.dll" adapterTypeName="executor://xunit/VsTestRunner2/netcoreapp" className="MauiApp.Tests.Features.Sources.SourceListViewModelTests" name="NavigateToOutputCommand_CallsNavigationService_WithCorrectRoute" />
    </UnitTest>
    <UnitTest name="MauiApp.Tests.Features.Output.OutputViewModelTests.StopOutputCommand_WhenActive_StopsOutputAndForegroundSession" storage="c:\repos-github\ndi-for-android\tests\mauiapp.tests\bin\debug\net10.0\mauiapp.tests.dll" id="52d16959-e02a-720b-6398-0323b7d0bc50">
      <Execution id="039424c7-ed5d-4514-9244-718bd6191e53" />
      <TestMethod codeBase="C:\repos-github\NDI-for-Android\tests\MauiApp.Tests\bin\Debug\net10.0\MauiApp.Tests.dll" adapterTypeName="executor://xunit/VsTestRunner2/netcoreapp" className="MauiApp.Tests.Features.Output.OutputViewModelTests" name="StopOutputCommand_WhenActive_StopsOutputAndForegroundSession" />
    </UnitTest>
    <UnitTest name="MauiApp.Tests.Features.Viewer.ViewerViewModelTests.StopCommand_WhenPlaying_StopsReceiverAndClearsState" storage="c:\repos-github\ndi-for-android\tests\mauiapp.tests\bin\debug\net10.0\mauiapp.tests.dll" id="497d4880-36cc-4ffd-356b-74be2dd2bbbf">
      <Execution id="048db1d2-3d73-4b39-9f48-fb75699f6e6e" />
      <TestMethod codeBase="C:\repos-github\NDI-for-Android\tests\MauiApp.Tests\bin\Debug\net10.0\MauiApp.Tests.dll" adapterTypeName="executor://xunit/VsTestRunner2/netcoreapp" className="MauiApp.Tests.Features.Viewer.ViewerViewModelTests" name="StopCommand_WhenPlaying_StopsReceiverAndClearsState" />
    </UnitTest>
    <UnitTest name="MauiApp.Tests.Features.Settings.SettingsViewModelTests.LoadCommand_PopulatesFieldsFromRepository" storage="c:\repos-github\ndi-for-android\tests\mauiapp.tests\bin\debug\net10.0\mauiapp.tests.dll" id="5f541020-21fe-7e8e-e3e5-521be0527049">
      <Execution id="aa39fe6c-b86e-4d8c-9f17-abb7b7d9239c" />
      <TestMethod codeBase="C:\repos-github\NDI-for-Android\tests\MauiApp.Tests\bin\Debug\net10.0\MauiApp.Tests.dll" adapterTypeName="executor://xunit/VsTestRunner2/netcoreapp" className="MauiApp.Tests.Features.Settings.SettingsViewModelTests" name="LoadCommand_PopulatesFieldsFromRepository" />
    </UnitTest>
    <UnitTest name="MauiApp.Tests.Features.Sources.SourceListViewModelTests.NavigateToViewerCommand_WithNullOrEmptySourceId_StillCallsNavigation" storage="c:\repos-github\ndi-for-android\tests\mauiapp.tests\bin\debug\net10.0\mauiapp.tests.dll" id="f5a0a36d-6df1-646e-09fd-563bd52a966c">
      <Execution id="8491ace7-97c8-44db-b486-24b3a288a925" />
      <TestMethod codeBase="C:\repos-github\NDI-for-Android\tests\MauiApp.Tests\bin\Debug\net10.0\MauiApp.Tests.dll" adapterTypeName="executor://xunit/VsTestRunner2/netcoreapp" className="MauiApp.Tests.Features.Sources.SourceListViewModelTests" name="NavigateToViewerCommand_WithNullOrEmptySourceId_StillCallsNavigation" />
    </UnitTest>
    <UnitTest name="MauiApp.Tests.Features.Sources.SourceListViewModelTests.NavigateToViewerCommand_CallsNavigationService_WithCorrectRoute" storage="c:\repos-github\ndi-for-android\tests\mauiapp.tests\bin\debug\net10.0\mauiapp.tests.dll" id="bb46fba8-2c29-faa0-0e96-28f141a82ace">
      <Execution id="18904214-fed5-4738-a125-d7e8615cf98e" />
      <TestMethod codeBase="C:\repos-github\NDI-for-Android\tests\MauiApp.Tests\bin\Debug\net10.0\MauiApp.Tests.dll" adapterTypeName="executor://xunit/VsTestRunner2/netcoreapp" className="MauiApp.Tests.Features.Sources.SourceListViewModelTests" name="NavigateToViewerCommand_CallsNavigationService_WithCorrectRoute" />
    </UnitTest>
    <UnitTest name="MauiApp.Tests.Features.Navigation.NavigationPolicyServiceTests.ResolvePlacement_ReturnsLeftRail_ForLandscape" storage="c:\repos-github\ndi-for-android\tests\mauiapp.tests\bin\debug\net10.0\mauiapp.tests.dll" id="277ca889-c336-f9fd-17ae-a55ad4573b81">
      <Execution id="088558ab-4dde-4cff-bf03-39737c37639e" />
      <TestMethod codeBase="C:\repos-github\NDI-for-Android\tests\MauiApp.Tests\bin\Debug\net10.0\MauiApp.Tests.dll" adapterTypeName="executor://xunit/VsTestRunner2/netcoreapp" className="MauiApp.Tests.Features.Navigation.NavigationPolicyServiceTests" name="ResolvePlacement_ReturnsLeftRail_ForLandscape" />
    </UnitTest>
    <UnitTest name="MauiApp.Tests.Features.Navigation.PrimaryNavigationMetadataTests.Items_ContainExactlyFourPrimaryDestinations_WithExpectedOrderAndIcons" storage="c:\repos-github\ndi-for-android\tests\mauiapp.tests\bin\debug\net10.0\mauiapp.tests.dll" id="1e03eabb-65c1-0278-2168-52be15288586">
      <Execution id="3ebfec0d-f2b9-487e-9053-a0c865368242" />
      <TestMethod codeBase="C:\repos-github\NDI-for-Android\tests\MauiApp.Tests\bin\Debug\net10.0\MauiApp.Tests.dll" adapterTypeName="executor://xunit/VsTestRunner2/netcoreapp" className="MauiApp.Tests.Features.Navigation.PrimaryNavigationMetadataTests" name="Items_ContainExactlyFourPrimaryDestinations_WithExpectedOrderAndIcons" />
    </UnitTest>
    <UnitTest name="MauiApp.Tests.Features.Navigation.PrimaryNavigationMetadataTests.Items_HaveUniqueDestinations_AndUniqueRoutes" storage="c:\repos-github\ndi-for-android\tests\mauiapp.tests\bin\debug\net10.0\mauiapp.tests.dll" id="923a1400-93b8-5ee6-96a9-20464c726556">
      <Execution id="5ff7a0c3-af8c-48ca-bf1e-e40b0d567b36" />
      <TestMethod codeBase="C:\repos-github\NDI-for-Android\tests\MauiApp.Tests\bin\Debug\net10.0\MauiApp.Tests.dll" adapterTypeName="executor://xunit/VsTestRunner2/netcoreapp" className="MauiApp.Tests.Features.Navigation.PrimaryNavigationMetadataTests" name="Items_HaveUniqueDestinations_AndUniqueRoutes" />
    </UnitTest>
    <UnitTest name="MauiApp.Tests.Features.Navigation.AdaptiveShellStateViewModelTests.Constructor_UsesPolicyCurrentPlacement_AndExposesFourRouteMappings" storage="c:\repos-github\ndi-for-android\tests\mauiapp.tests\bin\debug\net10.0\mauiapp.tests.dll" id="33fd4668-2973-c24c-d514-1760f7adea92">
      <Execution id="6515ef9b-dc66-45ee-8fa3-bd3fa2f8c374" />
      <TestMethod codeBase="C:\repos-github\NDI-for-Android\tests\MauiApp.Tests\bin\Debug\net10.0\MauiApp.Tests.dll" adapterTypeName="executor://xunit/VsTestRunner2/netcoreapp" className="MauiApp.Tests.Features.Navigation.AdaptiveShellStateViewModelTests" name="Constructor_UsesPolicyCurrentPlacement_AndExposesFourRouteMappings" />
    </UnitTest>
    <UnitTest name="MauiApp.Tests.Features.Settings.SettingsViewModelTests.SaveCommand_PortOutOfRange_SetsValidationError" storage="c:\repos-github\ndi-for-android\tests\mauiapp.tests\bin\debug\net10.0\mauiapp.tests.dll" id="0c8b9179-b8ce-7e7e-4255-53c09d4c7b06">
      <Execution id="d3d3b04c-8c05-4a07-b25d-aba301df1e79" />
      <TestMethod codeBase="C:\repos-github\NDI-for-Android\tests\MauiApp.Tests\bin\Debug\net10.0\MauiApp.Tests.dll" adapterTypeName="executor://xunit/VsTestRunner2/netcoreapp" className="MauiApp.Tests.Features.Settings.SettingsViewModelTests" name="SaveCommand_PortOutOfRange_SetsValidationError" />
    </UnitTest>
    <UnitTest name="MauiApp.Tests.Features.Navigation.AdaptiveShellStateViewModelTests.PlacementChanged_FromPolicy_UpdatesViewModelPlacementAndVisibilityFlags" storage="c:\repos-github\ndi-for-android\tests\mauiapp.tests\bin\debug\net10.0\mauiapp.tests.dll" id="a9d5354d-8cc2-469c-da25-6fdaf4c97dcc">
      <Execution id="9dc20129-0a72-4221-9d16-5640d20cb7f4" />
      <TestMethod codeBase="C:\repos-github\NDI-for-Android\tests\MauiApp.Tests\bin\Debug\net10.0\MauiApp.Tests.dll" adapterTypeName="executor://xunit/VsTestRunner2/netcoreapp" className="MauiApp.Tests.Features.Navigation.AdaptiveShellStateViewModelTests" name="PlacementChanged_FromPolicy_UpdatesViewModelPlacementAndVisibilityFlags" />
    </UnitTest>
  </TestDefinitions>
  <TestEntries>
    <TestEntry testId="166a7b3d-d4de-78b3-0709-5e2f5b0cd4c8" executionId="70ef4dd8-6a09-424a-af47-4670bae40686" testListId="8c84fa94-04c1-424b-9868-57a2d4851a1d" />
    <TestEntry testId="ea2867f1-b2b7-428f-f5d8-c038b4cf650d" executionId="21dc6572-9fba-494d-8922-80dcaefdc916" testListId="8c84fa94-04c1-424b-9868-57a2d4851a1d" />
    <TestEntry testId="20f0f8fc-1d45-0873-94fb-335241b203be" executionId="7254130b-24c7-40cd-8d9f-576b6578438e" testListId="8c84fa94-04c1-424b-9868-57a2d4851a1d" />
    <TestEntry testId="72c75b0d-bd7c-9fc4-bec3-e517cdcf9f44" executionId="6c02a3ed-ebd3-4ed2-a985-ebaaed8a69e7" testListId="8c84fa94-04c1-424b-9868-57a2d4851a1d" />
    <TestEntry testId="277ca889-c336-f9fd-17ae-a55ad4573b81" executionId="088558ab-4dde-4cff-bf03-39737c37639e" testListId="8c84fa94-04c1-424b-9868-57a2d4851a1d" />
    <TestEntry testId="85fddc3e-8d04-0314-b93d-49cb1b9b3d4c" executionId="4ee58358-a353-4309-aec7-4d1feeaa2eb1" testListId="8c84fa94-04c1-424b-9868-57a2d4851a1d" />
    <TestEntry testId="33fd4668-2973-c24c-d514-1760f7adea92" executionId="6515ef9b-dc66-45ee-8fa3-bd3fa2f8c374" testListId="8c84fa94-04c1-424b-9868-57a2d4851a1d" />
    <TestEntry testId="923a1400-93b8-5ee6-96a9-20464c726556" executionId="5ff7a0c3-af8c-48ca-bf1e-e40b0d567b36" testListId="8c84fa94-04c1-424b-9868-57a2d4851a1d" />
    <TestEntry testId="0c8b9179-b8ce-7e7e-4255-53c09d4c7b06" executionId="d3d3b04c-8c05-4a07-b25d-aba301df1e79" testListId="8c84fa94-04c1-424b-9868-57a2d4851a1d" />
    <TestEntry testId="52d16959-e02a-720b-6398-0323b7d0bc50" executionId="039424c7-ed5d-4514-9244-718bd6191e53" testListId="8c84fa94-04c1-424b-9868-57a2d4851a1d" />
    <TestEntry testId="e4480d9a-5752-6847-3e28-feb87122a65e" executionId="c4d165e4-844d-48b5-88fe-85abb97951a4" testListId="8c84fa94-04c1-424b-9868-57a2d4851a1d" />
    <TestEntry testId="0c92c33a-39ad-26e3-0fc3-a50b335e794b" executionId="25d50703-9a65-43c1-bee7-9cf9affa97ce" testListId="8c84fa94-04c1-424b-9868-57a2d4851a1d" />
    <TestEntry testId="16eead68-d53c-8948-3080-6eface2c5fef" executionId="979a3b05-a728-40d6-8892-db560d4bb43a" testListId="8c84fa94-04c1-424b-9868-57a2d4851a1d" />
    <TestEntry testId="497d4880-36cc-4ffd-356b-74be2dd2bbbf" executionId="048db1d2-3d73-4b39-9f48-fb75699f6e6e" testListId="8c84fa94-04c1-424b-9868-57a2d4851a1d" />
    <TestEntry testId="bb46fba8-2c29-faa0-0e96-28f141a82ace" executionId="18904214-fed5-4738-a125-d7e8615cf98e" testListId="8c84fa94-04c1-424b-9868-57a2d4851a1d" />
    <TestEntry testId="1e03eabb-65c1-0278-2168-52be15288586" executionId="3ebfec0d-f2b9-487e-9053-a0c865368242" testListId="8c84fa94-04c1-424b-9868-57a2d4851a1d" />
    <TestEntry testId="f5a0a36d-6df1-646e-09fd-563bd52a966c" executionId="8491ace7-97c8-44db-b486-24b3a288a925" testListId="8c84fa94-04c1-424b-9868-57a2d4851a1d" />
    <TestEntry testId="08eda770-1210-b5e7-101b-1ca88361d869" executionId="d046049b-e3ab-458c-afd3-165b8defca1d" testListId="8c84fa94-04c1-424b-9868-57a2d4851a1d" />
    <TestEntry testId="a9d5354d-8cc2-469c-da25-6fdaf4c97dcc" executionId="9dc20129-0a72-4221-9d16-5640d20cb7f4" testListId="8c84fa94-04c1-424b-9868-57a2d4851a1d" />
    <TestEntry testId="5f541020-21fe-7e8e-e3e5-521be0527049" executionId="aa39fe6c-b86e-4d8c-9f17-abb7b7d9239c" testListId="8c84fa94-04c1-424b-9868-57a2d4851a1d" />
    <TestEntry testId="1f3f56e9-8c97-219f-a448-a593e65b600d" executionId="e2149124-115d-4787-b54b-4ad64ccf084e" testListId="8c84fa94-04c1-424b-9868-57a2d4851a1d" />
    <TestEntry testId="38772a13-bc36-9800-0b78-7dd2b806f970" executionId="922be0f9-ec24-4fca-99b0-61daf5818bbb" testListId="8c84fa94-04c1-424b-9868-57a2d4851a1d" />
    <TestEntry testId="0c106b1a-fa6a-1f9f-d592-f978452b85e7" executionId="99e28747-de8e-494c-9d58-084dd24e842d" testListId="8c84fa94-04c1-424b-9868-57a2d4851a1d" />
    <TestEntry testId="69c55b66-35a1-5264-1563-d7985802453b" executionId="3d8d5e31-ed10-4995-a170-7fcd35aa7c30" testListId="8c84fa94-04c1-424b-9868-57a2d4851a1d" />
  </TestEntries>
  <TestLists>
    <TestList name="Results Not in a List" id="8c84fa94-04c1-424b-9868-57a2d4851a1d" />
    <TestList name="All Loaded Results" id="19431567-8539-422a-85d7-44ee4e166bda" />
  </TestLists>
  <ResultSummary outcome="Completed">
    <Counters total="24" executed="24" passed="24" failed="0" error="0" timeout="0" aborted="0" inconclusive="0" passedButRunAborted="0" notRunnable="0" notExecuted="0" disconnected="0" warning="0" completed="0" inProgress="0" pending="0" />
    <Output>
      <StdOut>[xUnit.net 00:00:00.01] xUnit.net VSTest Adapter v2.8.2+699d445a1a (64-bit .NET 10.0.8)&#xD;
[xUnit.net 00:00:00.40]   Discovering: MauiApp.Tests&#xD;
[xUnit.net 00:00:00.56]   Discovered:  MauiApp.Tests&#xD;
[xUnit.net 00:00:00.59]   Starting:    MauiApp.Tests&#xD;
[xUnit.net 00:00:03.64]   Finished:    MauiApp.Tests&#xD;
</StdOut>
    </Output>
  </ResultSummary>
</TestRun>